This is pdfTeX, Version 3.141592653-2.6-1.40.25 (TeX Live 2023/Debian) (preloaded format=pdflatex 2024.8.16)  16 AUG 2024 19:05
entering extended mode
 restricted \write18 enabled.
 file:line:error style messages enabled.
 %&-line parsing enabled.
**"/home/boris/Documents/vs code p1/latex/dissertation/Main Body.tex"
(/home/boris/Documents/vs code p1/latex/dissertation/Main Body.tex
LaTeX2e <2023-11-01> patch level 1
L3 programming layer <2024-01-22>
(/usr/share/texlive/texmf-dist/tex/latex/base/report.cls
Document Class: report 2023/05/17 v1.4n Standard LaTeX document class
(/usr/share/texlive/texmf-dist/tex/latex/base/size12.clo
File: size12.clo 2023/05/17 v1.4n Standard LaTeX file (size option)
)
\c@part=\count187
\c@chapter=\count188
\c@section=\count189
\c@subsection=\count190
\c@subsubsection=\count191
\c@paragraph=\count192
\c@subparagraph=\count193
\c@figure=\count194
\c@table=\count195
\abovecaptionskip=\skip48
\belowcaptionskip=\skip49
\bibindent=\dimen140
) (/usr/share/texlive/texmf-dist/tex/latex/base/inputenc.sty
Package: inputenc 2021/02/14 v1.3d Input encoding file
\inpenc@prehook=\toks17
\inpenc@posthook=\toks18
) (/usr/share/texlive/texmf-dist/tex/latex/natbib/natbib.sty
Package: natbib 2010/09/13 8.31b (PWD, AO)
\bibhang=\skip50
\bibsep=\skip51
LaTeX Info: Redefining \cite on input line 694.
\c@NAT@ctr=\count196
) (/usr/share/texlive/texmf-dist/tex/latex/xcolor/xcolor.sty
Package: xcolor 2023/11/15 v3.01 LaTeX color extensions (UK)
 (/usr/share/texlive/texmf-dist/tex/latex/graphics-cfg/color.cfg
File: color.cfg 2016/01/02 v1.6 sample color configuration
)
Package xcolor Info: Driver file: pdftex.def on input line 274.
 (/usr/share/texlive/texmf-dist/tex/latex/graphics-def/pdftex.def
File: pdftex.def 2022/09/22 v1.2b Graphics/color driver for pdftex
) (/usr/share/texlive/texmf-dist/tex/latex/graphics/mathcolor.ltx)
Package xcolor Info: Model `cmy' substituted by `cmy0' on input line 1350.
Package xcolor Info: Model `hsb' substituted by `rgb' on input line 1354.
Package xcolor Info: Model `RGB' extended on input line 1366.
Package xcolor Info: Model `HTML' substituted by `rgb' on input line 1368.
Package xcolor Info: Model `Hsb' substituted by `hsb' on input line 1369.
Package xcolor Info: Model `tHsb' substituted by `hsb' on input line 1370.
Package xcolor Info: Model `HSB' substituted by `hsb' on input line 1371.
Package xcolor Info: Model `Gray' substituted by `gray' on input line 1372.
Package xcolor Info: Model `wave' substituted by `hsb' on input line 1373.
) (/usr/share/texlive/texmf-dist/tex/latex/colortbl/colortbl.sty
Package: colortbl 2022/06/20 v1.0f Color table columns (DPC)
 (/usr/share/texlive/texmf-dist/tex/latex/tools/array.sty
Package: array 2023/10/16 v2.5g Tabular extension package (FMi)
\col@sep=\dimen141
\ar@mcellbox=\box51
\extrarowheight=\dimen142
\NC@list=\toks19
\extratabsurround=\skip52
\backup@length=\skip53
\ar@cellbox=\box52
)
\everycr=\toks20
\minrowclearance=\skip54
\rownum=\count197
) (/usr/share/texlive/texmf-dist/tex/latex/graphics/dvipsnam.def
File: dvipsnam.def 2016/06/17 v3.0m Driver-dependent file (DPC,SPQR)
) (/usr/share/texlive/texmf-dist/tex/latex/float/float.sty
Package: float 2001/11/08 v1.3d Float enhancements (AL)
\c@float@type=\count198
\float@exts=\toks21
\float@box=\box53
\@float@everytoks=\toks22
\@floatcapt=\box54
) (/usr/share/texlive/texmf-dist/tex/latex/geometry/geometry.sty
Package: geometry 2020/01/02 v5.9 Page Geometry
 (/usr/share/texlive/texmf-dist/tex/latex/graphics/keyval.sty
Package: keyval 2022/05/29 v1.15 key=value parser (DPC)
\KV@toks@=\toks23
) (/usr/share/texlive/texmf-dist/tex/generic/iftex/ifvtex.sty
Package: ifvtex 2019/10/25 v1.7 ifvtex legacy package. Use iftex instead.
 (/usr/share/texlive/texmf-dist/tex/generic/iftex/iftex.sty
Package: iftex 2022/02/03 v1.0f TeX engine tests
))
\Gm@cnth=\count199
\Gm@cntv=\count266
\c@Gm@tempcnt=\count267
\Gm@bindingoffset=\dimen143
\Gm@wd@mp=\dimen144
\Gm@odd@mp=\dimen145
\Gm@even@mp=\dimen146
\Gm@layoutwidth=\dimen147
\Gm@layoutheight=\dimen148
\Gm@layouthoffset=\dimen149
\Gm@layoutvoffset=\dimen150
\Gm@dimlist=\toks24
) (/usr/share/texlive/texmf-dist/tex/latex/graphics/graphicx.sty
Package: graphicx 2021/09/16 v1.2d Enhanced LaTeX Graphics (DPC,SPQR)
 (/usr/share/texlive/texmf-dist/tex/latex/graphics/graphics.sty
Package: graphics 2022/03/10 v1.4e Standard LaTeX Graphics (DPC,SPQR)
 (/usr/share/texlive/texmf-dist/tex/latex/graphics/trig.sty
Package: trig 2021/08/11 v1.11 sin cos tan (DPC)
) (/usr/share/texlive/texmf-dist/tex/latex/graphics-cfg/graphics.cfg
File: graphics.cfg 2016/06/04 v1.11 sample graphics configuration
)
Package graphics Info: Driver file: pdftex.def on input line 107.
)
\Gin@req@height=\dimen151
\Gin@req@width=\dimen152
) (/usr/share/texlive/texmf-dist/tex/latex/sidecap/sidecap.sty
Package: sidecap 2023/01/24 v1.7a SideCap Package (RN/HjG)
 (/usr/share/texlive/texmf-dist/tex/latex/base/ifthen.sty
Package: ifthen 2022/04/13 v1.1d Standard LaTeX ifthen package (DPC)
)
\SC@BOXWD=\dimen153
\SC@CAPWD=\dimen154
\SC@tempdima=\dimen155
\SC@tempdimb=\dimen156
\c@SC@C=\count268
\SC@BOX=\box55
) (/usr/share/texlive/texmf-dist/tex/latex/caption/subcaption.sty
Package: subcaption 2023/07/28 v1.6b Sub-captions (AR)
 (/usr/share/texlive/texmf-dist/tex/latex/caption/caption.sty
Package: caption 2023/08/05 v3.6o Customizing captions (AR)
 (/usr/share/texlive/texmf-dist/tex/latex/caption/caption3.sty
Package: caption3 2023/07/31 v2.4d caption3 kernel (AR)
\caption@tempdima=\dimen157
\captionmargin=\dimen158
\caption@leftmargin=\dimen159
\caption@rightmargin=\dimen160
\caption@width=\dimen161
\caption@indent=\dimen162
\caption@parindent=\dimen163
\caption@hangindent=\dimen164
Package caption Info: Standard document class detected.
)
\c@caption@flags=\count269
\c@continuedfloat=\count270
Package caption Info: float package is loaded.
Package caption Info: sidecap package is loaded.
)
Package caption Info: New subtype `subfigure' on input line 238.
\c@subfigure=\count271
Package caption Info: New subtype `subtable' on input line 238.
\c@subtable=\count272
) (/usr/share/texlive/texmf-dist/tex/latex/url/url.sty
\Urlmuskip=\muskip16
Package: url 2013/09/16  ver 3.4  Verb mode for urls, etc.
) (/usr/share/texlive/texmf-dist/tex/latex/setspace/setspace.sty
Package: setspace 2022/12/04 v6.7b set line spacing
) (/usr/share/texlive/texmf-dist/tex/latex/adjustbox/adjustbox.sty
Package: adjustbox 2022/10/17 v1.3a Adjusting TeX boxes (trim, clip, ...)
 (/usr/share/texlive/texmf-dist/tex/latex/xkeyval/xkeyval.sty
Package: xkeyval 2022/06/16 v2.9 package option processing (HA)
 (/usr/share/texlive/texmf-dist/tex/generic/xkeyval/xkeyval.tex (/usr/share/texlive/texmf-dist/tex/generic/xkeyval/xkvutils.tex
\XKV@toks=\toks25
\XKV@tempa@toks=\toks26
)
\XKV@depth=\count273
File: xkeyval.tex 2014/12/03 v2.7a key=value parser (HA)
)) (/usr/share/texlive/texmf-dist/tex/latex/adjustbox/adjcalc.sty
Package: adjcalc 2012/05/16 v1.1 Provides advanced setlength with multiple back-ends (calc, etex, pgfmath)
) (/usr/share/texlive/texmf-dist/tex/latex/adjustbox/trimclip.sty
Package: trimclip 2020/08/19 v1.2 Trim and clip general TeX material
 (/usr/share/texlive/texmf-dist/tex/latex/collectbox/collectbox.sty
Package: collectbox 2022/10/17 v0.4c Collect macro arguments as boxes
\collectedbox=\box56
)
\tc@llx=\dimen165
\tc@lly=\dimen166
\tc@urx=\dimen167
\tc@ury=\dimen168
Package trimclip Info: Using driver 'tc-pdftex.def'.
 (/usr/share/texlive/texmf-dist/tex/latex/adjustbox/tc-pdftex.def
File: tc-pdftex.def 2019/01/04 v2.2 Clipping driver for pdftex
))
\adjbox@Width=\dimen169
\adjbox@Height=\dimen170
\adjbox@Depth=\dimen171
\adjbox@Totalheight=\dimen172
\adjbox@pwidth=\dimen173
\adjbox@pheight=\dimen174
\adjbox@pdepth=\dimen175
\adjbox@ptotalheight=\dimen176
 (/usr/share/texlive/texmf-dist/tex/latex/ifoddpage/ifoddpage.sty
Package: ifoddpage 2022/10/18 v1.2 Conditionals for odd/even page detection
\c@checkoddpage=\count274
) (/usr/share/texlive/texmf-dist/tex/latex/varwidth/varwidth.sty
Package: varwidth 2009/03/30 ver 0.92;  Variable-width minipages
\@vwid@box=\box57
\sift@deathcycles=\count275
\@vwid@loff=\dimen177
\@vwid@roff=\dimen178
)) (/usr/share/texlive/texmf-dist/tex/latex/listings/listings.sty
\lst@mode=\count276
\lst@gtempboxa=\box58
\lst@token=\toks27
\lst@length=\count277
\lst@currlwidth=\dimen179
\lst@column=\count278
\lst@pos=\count279
\lst@lostspace=\dimen180
\lst@width=\dimen181
\lst@newlines=\count280
\lst@lineno=\count281
\lst@maxwidth=\dimen182
 (/usr/share/texlive/texmf-dist/tex/latex/listings/lstmisc.sty
File: lstmisc.sty 2023/02/27 1.9 (Carsten Heinz)
\c@lstnumber=\count282
\lst@skipnumbers=\count283
\lst@framebox=\box59
) (/usr/share/texlive/texmf-dist/tex/latex/listings/listings.cfg
File: listings.cfg 2023/02/27 1.9 listings configuration
))
Package: listings 2023/02/27 1.9 (Carsten Heinz)
 (/usr/share/texlive/texmf-dist/tex/latex/amsmath/amsmath.sty
Package: amsmath 2023/05/13 v2.17o AMS math features
\@mathmargin=\skip55

For additional information on amsmath, use the `?' option.
(/usr/share/texlive/texmf-dist/tex/latex/amsmath/amstext.sty
Package: amstext 2021/08/26 v2.01 AMS text
 (/usr/share/texlive/texmf-dist/tex/latex/amsmath/amsgen.sty
File: amsgen.sty 1999/11/30 v2.0 generic functions
\@emptytoks=\toks28
\ex@=\dimen183
)) (/usr/share/texlive/texmf-dist/tex/latex/amsmath/amsbsy.sty
Package: amsbsy 1999/11/29 v1.2d Bold Symbols
\pmbraise@=\dimen184
) (/usr/share/texlive/texmf-dist/tex/latex/amsmath/amsopn.sty
Package: amsopn 2022/04/08 v2.04 operator names
)
\inf@bad=\count284
LaTeX Info: Redefining \frac on input line 234.
\uproot@=\count285
\leftroot@=\count286
LaTeX Info: Redefining \overline on input line 399.
LaTeX Info: Redefining \colon on input line 410.
\classnum@=\count287
\DOTSCASE@=\count288
LaTeX Info: Redefining \ldots on input line 496.
LaTeX Info: Redefining \dots on input line 499.
LaTeX Info: Redefining \cdots on input line 620.
\Mathstrutbox@=\box60
\strutbox@=\box61
LaTeX Info: Redefining \big on input line 722.
LaTeX Info: Redefining \Big on input line 723.
LaTeX Info: Redefining \bigg on input line 724.
LaTeX Info: Redefining \Bigg on input line 725.
\big@size=\dimen185
LaTeX Font Info:    Redeclaring font encoding OML on input line 743.
LaTeX Font Info:    Redeclaring font encoding OMS on input line 744.
\macc@depth=\count289
LaTeX Info: Redefining \bmod on input line 905.
LaTeX Info: Redefining \pmod on input line 910.
LaTeX Info: Redefining \smash on input line 940.
LaTeX Info: Redefining \relbar on input line 970.
LaTeX Info: Redefining \Relbar on input line 971.
\c@MaxMatrixCols=\count290
\dotsspace@=\muskip17
\c@parentequation=\count291
\dspbrk@lvl=\count292
\tag@help=\toks29
\row@=\count293
\column@=\count294
\maxfields@=\count295
\andhelp@=\toks30
\eqnshift@=\dimen186
\alignsep@=\dimen187
\tagshift@=\dimen188
\tagwidth@=\dimen189
\totwidth@=\dimen190
\lineht@=\dimen191
\@envbody=\toks31
\multlinegap=\skip56
\multlinetaggap=\skip57
\mathdisplay@stack=\toks32
LaTeX Info: Redefining \[ on input line 2953.
LaTeX Info: Redefining \] on input line 2954.
) (/usr/share/texlive/texmf-dist/tex/latex/csquotes/csquotes.sty
Package: csquotes 2022-09-14 v5.2n context-sensitive quotations (JAW)
 (/usr/share/texlive/texmf-dist/tex/latex/etoolbox/etoolbox.sty
Package: etoolbox 2020/10/05 v2.5k e-TeX tools for LaTeX (JAW)
\etb@tempcnta=\count296
)
\csq@reset=\count297
\csq@gtype=\count298
\csq@glevel=\count299
\csq@qlevel=\count300
\csq@maxlvl=\count301
\csq@tshold=\count302
\csq@ltx@everypar=\toks33
 (/usr/share/texlive/texmf-dist/tex/latex/csquotes/csquotes.def
File: csquotes.def 2022-09-14 v5.2n csquotes generic definitions (JAW)
)
Package csquotes Info: Trying to load configuration file 'csquotes.cfg'...
Package csquotes Info: ... configuration file loaded successfully.
 (/usr/share/texlive/texmf-dist/tex/latex/csquotes/csquotes.cfg
File: csquotes.cfg 
)) (/usr/share/texlive/texmf-dist/tex/latex/placeins/placeins.sty
Package: placeins 2005/04/18  v 2.2
)
Package csquotes Info: Checking for multilingual support...
Package csquotes Info: ... none found.
 (/usr/share/texlive/texmf-dist/tex/latex/l3backend/l3backend-pdftex.def
File: l3backend-pdftex.def 2024-01-04 L3 backend support: PDF output (pdfTeX)
\l__color_backend_stack_int=\count303
\l__pdf_internal_box=\box62
) (./Main Body.aux)
\openout1 = `"Main Body.aux"'.

LaTeX Font Info:    Checking defaults for OML/cmm/m/it on input line 47.
LaTeX Font Info:    ... okay on input line 47.
LaTeX Font Info:    Checking defaults for OMS/cmsy/m/n on input line 47.
LaTeX Font Info:    ... okay on input line 47.
LaTeX Font Info:    Checking defaults for OT1/cmr/m/n on input line 47.
LaTeX Font Info:    ... okay on input line 47.
LaTeX Font Info:    Checking defaults for T1/cmr/m/n on input line 47.
LaTeX Font Info:    ... okay on input line 47.
LaTeX Font Info:    Checking defaults for TS1/cmr/m/n on input line 47.
LaTeX Font Info:    ... okay on input line 47.
LaTeX Font Info:    Checking defaults for OMX/cmex/m/n on input line 47.
LaTeX Font Info:    ... okay on input line 47.
LaTeX Font Info:    Checking defaults for U/cmr/m/n on input line 47.
LaTeX Font Info:    ... okay on input line 47.
 (/usr/share/texlive/texmf-dist/tex/context/base/mkii/supp-pdf.mkii
[Loading MPS to PDF converter (version 2006.09.02).]
\scratchcounter=\count304
\scratchdimen=\dimen192
\scratchbox=\box63
\nofMPsegments=\count305
\nofMParguments=\count306
\everyMPshowfont=\toks34
\MPscratchCnt=\count307
\MPscratchDim=\dimen193
\MPnumerator=\count308
\makeMPintoPDFobject=\count309
\everyMPtoPDFconversion=\toks35
) (/usr/share/texlive/texmf-dist/tex/latex/epstopdf-pkg/epstopdf-base.sty
Package: epstopdf-base 2020-01-24 v2.11 Base part for package epstopdf
Package epstopdf-base Info: Redefining graphics rule for `.eps' on input line 485.
 (/usr/share/texlive/texmf-dist/tex/latex/latexconfig/epstopdf-sys.cfg
File: epstopdf-sys.cfg 2010/07/13 v1.3 Configuration of (r)epstopdf for TeX Live
))
*geometry* driver: auto-detecting
*geometry* detected driver: pdftex
*geometry* verbose mode - [ preamble ] result:
* driver: pdftex
* paper: a4paper
* layout: <same size as paper>
* layoutoffset:(h,v)=(0.0pt,0.0pt)
* modes: 
* h-part:(L,W,R)=(71.13188pt, 483.69687pt, 42.67912pt)
* v-part:(T,H,B)=(56.9055pt, 731.23584pt, 56.9055pt)
* \paperwidth=597.50787pt
* \paperheight=845.04684pt
* \textwidth=483.69687pt
* \textheight=731.23584pt
* \oddsidemargin=-1.1381pt
* \evensidemargin=-1.1381pt
* \topmargin=-52.36449pt
* \headheight=12.0pt
* \headsep=25.0pt
* \topskip=12.0pt
* \footskip=30.0pt
* \marginparwidth=35.0pt
* \marginparsep=10.0pt
* \columnsep=10.0pt
* \skip\footins=10.8pt plus 4.0pt minus 2.0pt
* \hoffset=0.0pt
* \voffset=0.0pt
* \mag=1000
* \@twocolumnfalse
* \@twosidefalse
* \@mparswitchfalse
* \@reversemarginfalse
* (1in=72.27pt=25.4mm, 1cm=28.453pt)

(/usr/share/texlive/texmf-dist/tex/latex/ragged2e/ragged2e.sty
Package: ragged2e 2023/06/22 v3.6 ragged2e Package
\CenteringLeftskip=\skip58
\RaggedLeftLeftskip=\skip59
\RaggedRightLeftskip=\skip60
\CenteringRightskip=\skip61
\RaggedLeftRightskip=\skip62
\RaggedRightRightskip=\skip63
\CenteringParfillskip=\skip64
\RaggedLeftParfillskip=\skip65
\RaggedRightParfillskip=\skip66
\JustifyingParfillskip=\skip67
\CenteringParindent=\skip68
\RaggedLeftParindent=\skip69
\RaggedRightParindent=\skip70
\JustifyingParindent=\skip71
)
Package caption Info: Begin \AtBeginDocument code.
Package caption Info: listings package is loaded.
Package caption Info: End \AtBeginDocument code.
\c@lstlisting=\count310
 (./Title Page.tex
<figures/rdglogo.png, id=1, 929.4725pt x 325.215pt>
File: figures/rdglogo.png Graphic file (type png)
<use figures/rdglogo.png>
Package pdftex.def Info: figures/rdglogo.png  used on input line 3.
(pdftex.def)             Requested size: 169.29684pt x 59.2309pt.


LaTeX Font Warning: Font shape `OT1/cmr/bx/sc' undefined
(Font)              using `OT1/cmr/bx/n' instead on input line 8.

[1

{/var/lib/texmf/fonts/map/pdftex/updmap/pdftex.map} <./figures/rdglogo.png>]) (./abstract.tex [1])
Underfull \hbox (badness 10000) in paragraph at lines 59--60

 []


Underfull \hbox (badness 10000) in paragraph at lines 61--62

 []

[1] (./Main Body.toc [1

])
\tf@toc=\write3
\openout3 = `"Main Body.toc"'.

 [2]
Chapter 1.
(./Chapter_1.tex [3

]) [4]
Chapter 2.
(./Chapter_2.tex [5

] [6]
<figures/vectorwinds.png, id=38, 563.10374pt x 572.1375pt>
File: figures/vectorwinds.png Graphic file (type png)
<use figures/vectorwinds.png>
Package pdftex.def Info: figures/vectorwinds.png  used on input line 44.
(pdftex.def)             Requested size: 483.69687pt x 491.4612pt.
 [7] [8 <./figures/vectorwinds.png>]
<figures/era5-0p5deg_68.png, id=47, 1027.84pt x 914.41624pt>
File: figures/era5-0p5deg_68.png Graphic file (type png)
<use figures/era5-0p5deg_68.png>
Package pdftex.def Info: figures/era5-0p5deg_68.png  used on input line 53.
(pdftex.def)             Requested size: 483.69687pt x 430.31985pt.
<figures/era5-0p5deg_26.png, id=48, 1027.84pt x 914.41624pt>
File: figures/era5-0p5deg_26.png Graphic file (type png)
<use figures/era5-0p5deg_26.png>
Package pdftex.def Info: figures/era5-0p5deg_26.png  used on input line 60.
(pdftex.def)             Requested size: 483.69687pt x 430.31985pt.
 [9 <./figures/era5-0p5deg_68.png>] [10 <./figures/era5-0p5deg_26.png>] [11] [12] [13]) [14]
Chapter 3.
(./Chapter_3.tex [15

] [16]
<figures/640px-Volumetric-flow-rate.svg.png, id=81, 642.4pt x 383.4325pt>
File: figures/640px-Volumetric-flow-rate.svg.png Graphic file (type png)
<use figures/640px-Volumetric-flow-rate.svg.png>
Package pdftex.def Info: figures/640px-Volumetric-flow-rate.svg.png  used on input line 41.
(pdftex.def)             Requested size: 290.22107pt x 173.22755pt.
 [17 <./figures/640px-Volumetric-flow-rate.svg.png>] [18] [19] [20]
<figures/atan2d_graphic.png, id=95, 226.8475pt x 226.8475pt>
File: figures/atan2d_graphic.png Graphic file (type png)
<use figures/atan2d_graphic.png>
Package pdftex.def Info: figures/atan2d_graphic.png  used on input line 115.
(pdftex.def)             Requested size: 193.47578pt x 193.47548pt.
 [21 <./figures/atan2d_graphic.png>] [22] [23]) [24]
Chapter 4.
(./Chapter_4.tex [25

] [26]
<figures/ssiperformance.png, id=117, 981.6675pt x 776.40062pt>
File: figures/ssiperformance.png Graphic file (type png)
<use figures/ssiperformance.png>
Package pdftex.def Info: figures/ssiperformance.png  used on input line 59.
(pdftex.def)             Requested size: 483.69687pt x 382.54837pt.
) [27] [28 <./figures/ssiperformance.png>]
Chapter 5.
(./Chapter_5.tex
<figures/NAOPOsitive.png, id=125, 576.1525pt x 342.78062pt>
File: figures/NAOPOsitive.png Graphic file (type png)
<use figures/NAOPOsitive.png>
Package pdftex.def Info: figures/NAOPOsitive.png  used on input line 7.
(pdftex.def)             Requested size: 483.69687pt x 287.7873pt.
<figures/NAONeutral.png, id=126, 576.1525pt x 342.78062pt>
File: figures/NAONeutral.png Graphic file (type png)
<use figures/NAONeutral.png>
Package pdftex.def Info: figures/NAONeutral.png  used on input line 14.
(pdftex.def)             Requested size: 483.69687pt x 287.7873pt.
<figures/NAONegative.png, id=127, 576.1525pt x 342.78062pt>
File: figures/NAONegative.png Graphic file (type png)
<use figures/NAONegative.png>
Package pdftex.def Info: figures/NAONegative.png  used on input line 21.
(pdftex.def)             Requested size: 483.69687pt x 287.7873pt.
 [29

] [30 <./figures/NAOPOsitive.png> <./figures/NAONeutral.png>]
<figures/Storm Count vs. Daily NAO.png, id=136, 501.072pt x 390.258pt>
File: figures/Storm Count vs. Daily NAO.png Graphic file (type png)
<use figures/Storm Count vs. Daily NAO.png>
Package pdftex.def Info: figures/Storm Count vs. Daily NAO.png  used on input line 36.
(pdftex.def)             Requested size: 290.22107pt x 226.04013pt.
<figures/Storm Count vs. Monthly NAO.png, id=137, 501.5538pt x 384.9582pt>
File: figures/Storm Count vs. Monthly NAO.png Graphic file (type png)
<use figures/Storm Count vs. Monthly NAO.png>
Package pdftex.def Info: figures/Storm Count vs. Monthly NAO.png  used on input line 37.
(pdftex.def)             Requested size: 290.22107pt x 222.759pt.

Overfull \hbox (2.61107pt too wide) in paragraph at lines 35--48
[][]  [] 
 []

[31 <./figures/NAONegative.png>]
<figures/nao_state_as_four_1.52.png, id=142, 1177.90062pt x 771.38188pt>
File: figures/nao_state_as_four_1.52.png Graphic file (type png)
<use figures/nao_state_as_four_1.52.png>
Package pdftex.def Info: figures/nao_state_as_four_1.52.png  used on input line 56.
(pdftex.def)             Requested size: 483.69687pt x 316.76297pt.
 [32 <./figures/Storm Count vs. Daily NAO.png (PNG copy)> <./figures/Storm Count vs. Monthly NAO.png (PNG copy)>] [33 <./figures/nao_state_as_four_1.52.png>]
<figures/Normalized Probability of Storm Events Given NAO State(small).png, id=149, 382.0674pt x 392.1852pt>
File: figures/Normalized Probability of Storm Events Given NAO State(small).png Graphic file (type png)
<use figures/Normalized Probability of Storm Events Given NAO State(small).png>
Package pdftex.def Info: figures/Normalized Probability of Storm Events Given NAO State(small).png  used on input line 68.
(pdftex.def)             Requested size: 290.22107pt x 297.90825pt.
<figures/average_storm_energy_by_month_with_nao_separated.png, id=150, 1016.598pt x 663.4386pt>
File: figures/average_storm_energy_by_month_with_nao_separated.png Graphic file (type png)
<use figures/average_storm_energy_by_month_with_nao_separated.png>
Package pdftex.def Info: figures/average_storm_energy_by_month_with_nao_separated.png  used on input line 79.
(pdftex.def)             Requested size: 483.69687pt x 315.66301pt.
 [34 <./figures/Normalized Probability of Storm Events Given NAO State(small).png (PNG copy)>] [35 <./figures/average_storm_energy_by_month_with_nao_separated.png (PNG copy)>]
<figures/Average_NAO_Index_Yearly_from_month.png, id=158, 547.3248pt x 357.4956pt>
File: figures/Average_NAO_Index_Yearly_from_month.png Graphic file (type png)
<use figures/Average_NAO_Index_Yearly_from_month.png>
Package pdftex.def Info: figures/Average_NAO_Index_Yearly_from_month.png  used on input line 98.
(pdftex.def)             Requested size: 338.58632pt x 221.15402pt.
<figures/EP Curve NAO(p,n), 1950-2020(small)_with_neutral_nao.png, id=159, 714.5094pt x 464.937pt>
File: figures/EP Curve NAO(p,n), 1950-2020(small)_with_neutral_nao.png Graphic file (type png)
<use figures/EP Curve NAO(p,n), 1950-2020(small)_with_neutral_nao.png>
Package pdftex.def Info: figures/EP Curve NAO(p,n), 1950-2020(small)_with_neutral_nao.png  used on input line 110.
(pdftex.def)             Requested size: 338.58632pt x 220.32237pt.

Underfull \hbox (badness 1406) in paragraph at lines 113--113
[][]\OT1/cmr/m/n/12 : |Ex-ceedance
 []


Underfull \hbox (badness 1142) in paragraph at lines 113--113
\OT1/cmr/m/n/12 i-tive, neg-a-tive and neu-
 []


Underfull \hbox (badness 2698) in paragraph at lines 113--113
\OT1/cmr/m/n/12 the NOAA NAO in-dex
 []

<figures/EP_curve_1950_1970.png, id=160, 714.5094pt x 464.937pt>
File: figures/EP_curve_1950_1970.png Graphic file (type png)
<use figures/EP_curve_1950_1970.png>
Package pdftex.def Info: figures/EP_curve_1950_1970.png  used on input line 193.
(pdftex.def)             Requested size: 338.58632pt x 220.32237pt.
<figures/EP_curve_1970_2000.png, id=161, 714.5094pt x 464.937pt>
File: figures/EP_curve_1970_2000.png Graphic file (type png)
<use figures/EP_curve_1970_2000.png>
Package pdftex.def Info: figures/EP_curve_1970_2000.png  used on input line 194.
(pdftex.def)             Requested size: 338.58632pt x 220.32237pt.
<figures/EP_curve_2000_2020.png, id=162, 714.5094pt x 464.937pt>
File: figures/EP_curve_2000_2020.png Graphic file (type png)
<use figures/EP_curve_2000_2020.png>
Package pdftex.def Info: figures/EP_curve_2000_2020.png  used on input line 195.
(pdftex.def)             Requested size: 338.58632pt x 220.32237pt.

Underfull \hbox (badness 1533) in paragraph at lines 200--200
[]\OT1/cmr/m/n/12 Figure 5.11: |Ex-ceedance
 []


Underfull \hbox (badness 1533) in paragraph at lines 203--203
[]\OT1/cmr/m/n/12 Figure 5.12: |Ex-ceedance
 []


Underfull \hbox (badness 1533) in paragraph at lines 206--206
[]\OT1/cmr/m/n/12 Figure 5.13: |Ex-ceedance
 []

[36] [37 <./figures/Average_NAO_Index_Yearly_from_month.png (PNG copy)> <./figures/EP Curve NAO(p,n), 1950-2020(small)_with_neutral_nao.png (PNG copy)>] [38 <./figures/EP_curve_1950_1970.png (PNG copy)> <./figures/EP_curve_1970_2000.png (PNG copy)> <./figures/EP_curve_2000_2020.png (PNG copy)>]
Overfull \hbox (1.12675pt too wide) in paragraph at lines 213--213
[]\OT1/cmr/bx/n/17.28 The In-flu-ence of the NAO State on Wind-storm Paths
 []

<figures/Total Energy of WS DJF.png, id=172, 538.6524pt x 397.485pt>
File: figures/Total Energy of WS DJF.png Graphic file (type png)
<use figures/Total Energy of WS DJF.png>
Package pdftex.def Info: figures/Total Energy of WS DJF.png  used on input line 220.
(pdftex.def)             Requested size: 285.37938pt x 210.59326pt.
<figures/Total Energy of WS JJA.png, id=173, 538.6524pt x 392.667pt>
File: figures/Total Energy of WS JJA.png Graphic file (type png)
<use figures/Total Energy of WS JJA.png>
Package pdftex.def Info: figures/Total Energy of WS JJA.png  used on input line 221.
(pdftex.def)             Requested size: 285.37938pt x 208.04062pt.
[39

 <./figures/Total Energy of WS DJF.png (PNG copy)> <./figures/Total Energy of WS JJA.png (PNG copy)>]
<figures/epcurvescountry.png, id=177, 740.7675pt x 1012.28188pt>
File: figures/epcurvescountry.png Graphic file (type png)
<use figures/epcurvescountry.png>
Package pdftex.def Info: figures/epcurvescountry.png  used on input line 240.
(pdftex.def)             Requested size: 483.69687pt x 660.98743pt.
) [40] [41 <./figures/epcurvescountry.png>]
Chapter 6.
(./Chapter_6.tex [42

] [43] [44] [45] [46] [47] [48]) (./Main Body.bbl [49]
Underfull \hbox (badness 1297) in paragraph at lines 15--16
\OT1/cmr/m/n/12 2 . 0 . CO ; 2$, URL $https : / / journals . ametsoc . org / view / journals / mwre / 115 / 6 / 1520-[]0493[]1987[]
 []


Underfull \hbox (badness 3068) in paragraph at lines 18--19
[]\OT1/cmr/m/n/12 Befort, D. J., and Coau-thors, 2019: Sea-sonal fore-cast skill for ex-tra-t-rop-i-cal cy-
 []


Underfull \hbox (badness 10000) in paragraph at lines 18--19
\OT1/cmr/m/n/12 clones and wind-storms. \OT1/cmr/m/it/12 Quar-terly Jour-nal of the Royal Me-te-o-ro-log-i-cal So-ci-
 []


Underfull \hbox (badness 10000) in paragraph at lines 18--19
\OT1/cmr/m/it/12 ety\OT1/cmr/m/n/12 , \OT1/cmr/bx/n/12 145 (718)\OT1/cmr/m/n/12 , 92--104, https://doi.org/$https : / / doi . org / 10 . 1002 / qj . 3406$, URL
 []


Underfull \hbox (badness 1721) in paragraph at lines 24--25
[]\OT1/cmr/m/n/12 Clark, R. T., P. E. Bett, H. E. Thorn-ton, and A. A. Scaife, 2017: Skil-ful sea-
 []


Underfull \hbox (badness 1221) in paragraph at lines 24--25
\OT1/cmr/m/n/12 sonal pre-dic-tions for the eu-ro-pean en-ergy in-dus-try. \OT1/cmr/m/it/12 En-vi-ron-men-tal Re-search Let-ters\OT1/cmr/m/n/12 ,
 []

[50

]
Underfull \hbox (badness 1540) in paragraph at lines 39--40
\OT1/cmr/m/n/12 re-la-tion be-tween ex-plo-sive cy-clones af-fect-ing eu-rope and the north at-lantic os-cil-la-
 []


Underfull \hbox (badness 6284) in paragraph at lines 39--40
\OT1/cmr/m/n/12 10 . 1002 / 2014GL059647$, URL $https : / / agupubs . onlinelibrary . wiley . com / doi / abs / 10 . 1002 /
 []


Underfull \hbox (badness 1297) in paragraph at lines 48--49
\OT1/cmr/m/it/12 view\OT1/cmr/m/n/12 , \OT1/cmr/bx/n/12 127 (6)\OT1/cmr/m/n/12 , 1362 -- 1373, https://doi.org/$https : / / doi . org / 10 . 1175 / 1520-[]0493(1999 )
 []

[51]
Underfull \hbox (badness 1515) in paragraph at lines 54--55
[]\OT1/cmr/m/n/12 Hoskins, B. J., and K. I. Hodges, 2002: New per-spec-tives on the north-ern hemi-
 []


Underfull \hbox (badness 1348) in paragraph at lines 54--55
\OT1/cmr/m/n/12 sphere win-ter storm tracks. \OT1/cmr/m/it/12 Jour-nal of the At-mo-spheric Sci-ences\OT1/cmr/m/n/12 , \OT1/cmr/bx/n/12 59 (6)\OT1/cmr/m/n/12 , 1041 --
 []


Underfull \hbox (badness 2726) in paragraph at lines 54--55
\OT1/cmr/m/n/12 2$, URL $https : / / journals . ametsoc . org / view / journals / atsc / 59 / 6 / 1520-[]0469[]2002[]059[]1041[]
 []

[52] [53]
Underfull \hbox (badness 1028) in paragraph at lines 102--103
\OT1/cmr/m/n/12 amer-i-can win-ters. \OT1/cmr/m/it/12 Geo-phys-i-cal Re-search Let-ters\OT1/cmr/m/n/12 , \OT1/cmr/bx/n/12 41 (7)\OT1/cmr/m/n/12 , 2514--2519, https://doi.org/
 []


Underfull \hbox (badness 10000) in paragraph at lines 102--103
\OT1/cmr/m/n/12 https : / / doi . org / 10 . 1002 / 2014GL059637$, URL $https : / / agupubs . onlinelibrary . wiley . com /
 []

[54]) (./appendix.tex [55]
Appendix A.
<figures/erai_59.png, id=230, 818.05624pt x 933.4875pt>
File: figures/erai_59.png Graphic file (type png)
<use figures/erai_59.png>
Package pdftex.def Info: figures/erai_59.png  used on input line 4.
(pdftex.def)             Requested size: 483.69687pt x 551.9636pt.
<figures/erai_56.png, id=231, 818.05624pt x 933.4875pt>
File: figures/erai_56.png Graphic file (type png)
<use figures/erai_56.png>
Package pdftex.def Info: figures/erai_56.png  used on input line 11.
(pdftex.def)             Requested size: 483.69687pt x 551.9636pt.
)

Package caption Warning: Unused \captionsetup[sub] on input line 39.
See the caption package documentation for explanation.

[56

] [57 <./figures/erai_59.png>] [58 <./figures/erai_56.png>] (./Main Body.aux)
 ***********
LaTeX2e <2023-11-01> patch level 1
L3 programming layer <2024-01-22>
 ***********


LaTeX Font Warning: Some font shapes were not available, defaults substituted.

 ) 
Here is how much of TeX's memory you used:
 9414 strings out of 476182
 156849 string characters out of 5795595
 1944975 words of memory out of 5000000
 31269 multiletter control sequences out of 15000+600000
 567759 words of font info for 69 fonts, out of 8000000 for 9000
 14 hyphenation exceptions out of 8191
 67i,17n,77p,1725b,502s stack positions out of 10000i,1000n,20000p,200000b,200000s
</usr/share/texlive/texmf-dist/fonts/type1/public/amsfonts/cm/cmbx12.pfb></usr/share/texlive/texmf-dist/fonts/type1/public/amsfonts/cm/cmbx8.pfb></usr/share/texlive/texmf-dist/fonts/type1/public/amsfonts/cm/cmcsc10.pfb></usr/share/texlive/texmf-dist/fonts/type1/public/amsfonts/cm/cmex10.pfb></usr/share/texlive/texmf-dist/fonts/type1/public/amsfonts/cm/cmmi12.pfb></usr/share/texlive/texmf-dist/fonts/type1/public/amsfonts/cm/cmmi8.pfb></usr/share/texlive/texmf-dist/fonts/type1/public/amsfonts/cm/cmr10.pfb></usr/share/texlive/texmf-dist/fonts/type1/public/amsfonts/cm/cmr12.pfb></usr/share/texlive/texmf-dist/fonts/type1/public/amsfonts/cm/cmr8.pfb></usr/share/texlive/texmf-dist/fonts/type1/public/amsfonts/cm/cmsy10.pfb></usr/share/texlive/texmf-dist/fonts/type1/public/amsfonts/cm/cmsy8.pfb></usr/share/texlive/texmf-dist/fonts/type1/public/amsfonts/cm/cmti12.pfb>
Output written on "Main Body.pdf" (61 pages, 5669068 bytes).
PDF statistics:
 295 PDF objects out of 1000 (max. 8388607)
 174 compressed objects within 2 object streams
 0 named destinations out of 1000 (max. 500000)
 126 words of extra memory for PDF output out of 10000 (max. 10000000)

